<?xml version="1.0" encoding="UTF-8"?>
<testng-results ignored="0" total="1" passed="1" failed="0" skipped="0">
  <reporter-output>
  </reporter-output>
  <suite started-at="2024-11-27T20:07:30 IST" name="Suite" finished-at="2024-11-27T20:08:00 IST" duration-ms="30520">
    <groups>
    </groups>
    <test started-at="2024-11-27T20:07:30 IST" name="Test" finished-at="2024-11-27T20:08:00 IST" duration-ms="30520">
      <class name="testCase.TC001_TestCase01">
        <test-method is-config="true" signature="setUp()[pri:0, instance:testCase.TC001_TestCase01@1d483de4]" started-at="2024-11-27T20:07:30 IST" name="setUp" finished-at="2024-11-27T20:07:54 IST" duration-ms="24635" status="PASS">
          <reporter-output>
          </reporter-output>
        </test-method> <!-- setUp -->
        <test-method signature="test()[pri:0, instance:testCase.TC001_TestCase01@1d483de4]" started-at="2024-11-27T20:07:54 IST" name="test" finished-at="2024-11-27T20:07:59 IST" duration-ms="5031" status="PASS">
          <reporter-output>
          </reporter-output>
        </test-method> <!-- test -->
        <test-method is-config="true" signature="tearDown()[pri:0, instance:testCase.TC001_TestCase01@1d483de4]" started-at="2024-11-27T20:07:59 IST" name="tearDown" finished-at="2024-11-27T20:08:00 IST" duration-ms="630" status="PASS">
          <reporter-output>
          </reporter-output>
        </test-method> <!-- tearDown -->
      </class> <!-- testCase.TC001_TestCase01 -->
    </test> <!-- Test -->
  </suite> <!-- Suite -->
</testng-results>
